1399748515@/mysite2.local/index.php?id=log@
1399748517@/mysite2.local/index.php@index.php?id=log
1399748518@/mysite2.local/index.php?id=contact@index.php
1399748518@/mysite2.local/index.php?id=about@index.php?id=contact
1399748518@/mysite2.local/index.php?id=info@index.php?id=about
1399748520@/mysite2.local/index.php?id=log@index.php?id=info
1399748607@/mysite2.local/index.php?id=log@
1399748627@/mysite2.local/index.php?id=log@
1399748658@/mysite2.local/index.php?id=log@
1399748673@/mysite2.local/index.php?id=log@
1400392642@/mysite2.local/@
1400392645@/mysite2.local/index.php?id=contact@mysite2.local
1400392713@/mysite2.local/index.php?id=contact@index.php?id=contact
1400394212@/mysite2.local/index.php@
1400394214@/mysite2.local/index.php?id=contact@index.php
1400394233@/mysite2.local/index.php?id=contact@index.php?id=contact
1400431374@/mysite2.local/index.php?id=log@
1400523151@/mysite2.local/@
1400609730@/mysite2.local/@
1401430047@/mysite2.local/@
1401558082@/mysite2.local/@
1401558105@/mysite2.local/index.php?id=gbook@mysite2.local
1401611676@/mysite2.local/@
1401611729@/mysite2.local/index.php?id=gbook@mysite2.local
1401611755@/mysite2.local/index.php?id=gbook@index.php?id=gbook
1401611756@/mysite2.local/index.php?id=gbook@index.php?id=gbook
1401613778@/mysite2.local/@
1401613780@/mysite2.local/index.php?id=gbook@mysite2.local
1401613798@/mysite2.local/index.php?id=gbook@index.php?id=gbook
1401626630@/mysite2.local/@
1401626631@/mysite2.local/index.php?id=gbook@index.php?id=gbook
1401626662@/mysite2.local/index.php?id=gbook@index.php?id=gbook
1401626682@/mysite2.local/@
1401626684@/mysite2.local/index.php?id=gbook@mysite2.local
1401626700@/mysite2.local/index.php?id=gbook@index.php?id=gbook
1401626702@/mysite2.local/index.php?id=gbook@index.php?id=gbook
1401626715@/mysite2.local/index.php?id=gbook@index.php?id=gbook
1401626785@/mysite2.local/@
1401626786@/mysite2.local/index.php?id=gbook@mysite2.local
1401626805@/mysite2.local/index.php?id=gbook@index.php?id=gbook
1401626805@/mysite2.local/index.php?id=gbook@index.php?id=gbook
1401626806@/mysite2.local/index.php?id=gbook@index.php?id=gbook
1401626807@/mysite2.local/index.php?id=gbook@index.php?id=gbook
1401626807@/mysite2.local/index.php?id=gbook@index.php?id=gbook
1401626807@/mysite2.local/index.php?id=gbook@index.php?id=gbook
1401626808@/mysite2.local/index.php?id=gbook@index.php?id=gbook
1401626808@/mysite2.local/index.php?id=gbook@index.php?id=gbook
1401626808@/mysite2.local/index.php?id=gbook@index.php?id=gbook
1401626808@/mysite2.local/index.php?id=gbook@index.php?id=gbook
1401626808@/mysite2.local/index.php?id=gbook@index.php?id=gbook
1401626809@/mysite2.local/index.php?id=gbook@index.php?id=gbook
1401626809@/mysite2.local/index.php?id=gbook@index.php?id=gbook
1401634145@/mysite2.local/@
1401636234@/mysite2.local/index.php?id=gbook@mysite2.local
1401636264@/mysite2.local/index.php?id=gbook@
1401636285@/mysite2.local/index.php?id=gbook@
1401636307@/mysite2.local/index.php?id=gbook@
1401640145@/mysite2.local/@
1401640149@/mysite2.local/index.php?id=gbook@mysite2.local
1401640164@/mysite2.local/index.php?id=gbook&del=7@index.php?id=gbook
1401640165@/mysite2.local/index.php?id=gbook&del=7@index.php?id=gbook
1401640165@/mysite2.local/index.php?id=gbook&del=7@index.php?id=gbook
1401640165@/mysite2.local/index.php?id=gbook&del=7@index.php?id=gbook
1401640165@/mysite2.local/index.php?id=gbook&del=7@index.php?id=gbook
1401640165@/mysite2.local/index.php?id=gbook&del=7@index.php?id=gbook
1401640165@/mysite2.local/index.php?id=gbook&del=7@index.php?id=gbook
1401640165@/mysite2.local/index.php?id=gbook&del=7@index.php?id=gbook
1401640165@/mysite2.local/index.php?id=gbook&del=7@index.php?id=gbook
1401640165@/mysite2.local/index.php?id=gbook&del=7@index.php?id=gbook
1401640165@/mysite2.local/index.php?id=gbook&del=7@index.php?id=gbook
1401640165@/mysite2.local/index.php?id=gbook&del=7@index.php?id=gbook
1401640165@/mysite2.local/index.php?id=gbook&del=7@index.php?id=gbook
1401640165@/mysite2.local/index.php?id=gbook&del=7@index.php?id=gbook
1401640165@/mysite2.local/index.php?id=gbook&del=7@index.php?id=gbook
1401640165@/mysite2.local/index.php?id=gbook&del=7@index.php?id=gbook
1401640166@/mysite2.local/index.php?id=gbook&del=7@index.php?id=gbook
1401640166@/mysite2.local/index.php?id=gbook&del=7@index.php?id=gbook
1401640166@/mysite2.local/index.php?id=gbook&del=7@index.php?id=gbook
1401640166@/mysite2.local/index.php?id=gbook&del=7@index.php?id=gbook
1401640166@/mysite2.local/index.php?id=gbook&del=7@index.php?id=gbook
1401640465@/mysite2.local/index.php?id=gbook@
1401640487@/mysite2.local/index.php?id=gbook&del=6@index.php?id=gbook
1401640487@/mysite2.local/index.php?id=gbook@index.php?id=gbook
1402596354@/mysite2.local/@
1402598718@/mysite2.local/@
1402598782@/mysite2.local/@
1402598784@/mysite2.local/index.php@mysite2.local
1402598785@/mysite2.local/index.php?id=contact@index.php
1402598786@/mysite2.local/index.php?id=about@index.php?id=contact
1402598788@/mysite2.local/index.php?id=info@index.php?id=about
1402598794@/mysite2.local/index.php?id=log@index.php?id=info
1402598796@/mysite2.local/index.php?id=gbook@index.php?id=log
1402598957@/mysite2.local/@
1402599086@/mysite2.local/@
1402730582@/mysite2.local/@
1402862539@/mysite2.local/@
